<?xml version="1.0" encoding="UTF-8"?>
<testsuite xmlns:xsi="http://www.w3.org/2001/XMLSchema-instance" xsi:noNamespaceSchemaLocation="https://maven.apache.org/surefire/maven-surefire-plugin/xsd/surefire-test-report.xsd" name="com.example.AppTest" time="0.139" tests="3" errors="0" skipped="0" failures="0">
  <properties>
[...]
</properties>
  <testcase name="testPiezaEnLugarOcupado_lanzaExcepcion" classname="com.example.AppTest" time="0.025"/>
  <testcase name="testPiezaFueraDelEjeY_lanzaExcepcion" classname="com.example.AppTest" time="0.009"/>
  <testcase name="testPiezaFueraDelEjeX_lanzaExcepcion" classname="com.example.AppTest" time="0.005"/>
</testsuite>